<?xml version="1.0" encoding="UTF-8"?>
<!-- Generated by org.testng.reporters.JUnitXMLReporter -->
<testsuite ignored="0" hostname="DESKTOP-N09EU9L" failures="0" tests="3" name="Test" time="196.292" errors="0" timestamp="07 Jul 2021 06:21:13 GMT">
  <testcase classname="ezyBillV1.STBCreation001" name="testUntitledTestCase" time="56.603"/>
  <testcase classname="ezyBillV1.STBTransfer002" name="testSTBTransfer02" time="56.783"/>
  <testcase classname="ezyBillV1.CustomerCreation003" name="testCustomerCreation" time="54.182"/>
</testsuite> <!-- Test -->
